<?xml version="1.0" encoding="UTF-8"?>
<!-- Generated by org.testng.reporters.JUnitReportReporter -->
<testsuite hostname="EQANIM06" failures="0" tests="7" name="testClasses.Tests_PublicHomePage" time="66.584" errors="0" timestamp="2024-04-04T23:27:44 IST" skipped="0">
  <testcase classname="testClasses.Tests_PublicHomePage" name="A_verify_PublicHomePage_brokenLinksOnAWebPage" time="8.295"/>
  <system-out>
Chrome launched Navigated to BaseUrl: https://www.qa-wci-auction.org  </system-out>
  <testcase classname="testClasses.Tests_PublicHomePage" name="B_verify_PublicHomePage_Footer" time="7.237"/>
  <system-out>
Chrome launched Navigated to BaseUrl: https://www.qa-wci-auction.org  </system-out>
  <testcase classname="testClasses.Tests_PublicHomePage" name="C_verify_PublicHomePage_FAQAndResources" time="10.207"/>
  <system-out>
Chrome launched Navigated to BaseUrl: https://www.qa-wci-auction.org  </system-out>
  <testcase classname="testClasses.Tests_PublicHomePage" name="D_verify_PublicHomePage_ContactUs" time="9.891"/>
  <system-out>
Chrome launched Navigated to BaseUrl: https://www.qa-wci-auction.org  </system-out>
  <testcase classname="testClasses.Tests_PublicHomePage" name="E_verify_publicHomePage_NoticeSection" time="13.223"/>
  <system-out>
Chrome launched Navigated to BaseUrl: https://www.qa-wci-auction.org  </system-out>
  <testcase classname="testClasses.Tests_PublicHomePage" name="ConfirmUnsuccessfulLoginErrorMessagingIsDisplayedToTheUserWhenTheAuthenticationFails" time="10.818"/>
  <system-out>
Chrome launched Navigated to BaseUrl: https://www.qa-wci-auction.org  </system-out>
  <testcase classname="testClasses.Tests_PublicHomePage" name="ConfirmUserCanSelectForgotPassphraseAndInputEmailAddress" time="6.913"/>
  <system-out>
Chrome launched Navigated to BaseUrl: https://www.qa-wci-auction.org  </system-out>
</testsuite> <!-- testClasses.Tests_PublicHomePage -->
