<?xml version="1.0" encoding="UTF-8"?>
<!-- Generated by org.testng.reporters.JUnitReportReporter -->
<testsuite hostname="EQHP-R38G-17" failures="0" tests="13" name="prescribed_Event_Test.PrescribedEvent_R72" time="1686.474" errors="0" timestamp="2024-05-25T12:59:33 IST" skipped="2">
  <testcase classname="prescribed_Event_Test.PrescribedEvent_R72" name="CreateNewEvent_R72" time="119.627"/>
  <system-out>
Chrome launched Navigated to BaseUrl: https://www.qa-wci-auction.org  </system-out>
  <testcase classname="prescribed_Event_Test.PrescribedEvent_R72" name="Approval_By_QuebecSecondSponsorR72" time="124.476"/>
  <system-out>
Chrome launched Navigated to BaseUrl: https://www.qa-wci-auction.org  </system-out>
  <testcase classname="prescribed_Event_Test.PrescribedEvent_R72" name="Execute_API" time="45.798">
    <skipped/>
  </testcase> <!-- Execute_API -->
  <system-out>
Chrome launched Navigated to BaseUrl: https://www.qa-wci-auction.org  </system-out>
  <testcase classname="prescribed_Event_Test.PrescribedEvent_R72" name="Execute_API" time="67.914"/>
  <system-out>
Chrome launched Navigated to BaseUrl: https://www.qa-wci-auction.org  </system-out>
  <testcase classname="prescribed_Event_Test.PrescribedEvent_R72" name="uploadEmmissionUnits" time="66.913"/>
  <system-out>
Chrome launched Navigated to BaseUrl: https://www.qa-wci-auction.org  </system-out>
  <testcase classname="prescribed_Event_Test.PrescribedEvent_R72" name="Placing_Bids_FirstAR_R72" time="599.321"/>
  <system-out>
Chrome launched Navigated to BaseUrl: https://www.qa-wci-auction.org  </system-out>
  <testcase classname="prescribed_Event_Test.PrescribedEvent_R72" name="Closing_Bidding_Window" time="144.483"/>
  <system-out>
Chrome launched Navigated to BaseUrl: https://www.qa-wci-auction.org  </system-out>
  <testcase classname="prescribed_Event_Test.PrescribedEvent_R72" name="Closing_Bidding_Window" time="21.023">
    <skipped/>
  </testcase> <!-- Closing_Bidding_Window -->
  <system-out>
Chrome launched Navigated to BaseUrl: https://www.qa-wci-auction.org  </system-out>
  <testcase classname="prescribed_Event_Test.PrescribedEvent_R72" name="Approval_By_QuebecSponsor2_For_Edit_BiddingWindow_CloseTime" time="125.966"/>
  <system-out>
Chrome launched Navigated to BaseUrl: https://www.qa-wci-auction.org  </system-out>
  <testcase classname="prescribed_Event_Test.PrescribedEvent_R72" name="Run_Algorithm_QuebecFirstSponsor" time="78.254"/>
  <system-out>
Chrome launched Navigated to BaseUrl: https://www.qa-wci-auction.org  </system-out>
  <testcase classname="prescribed_Event_Test.PrescribedEvent_R72" name="Run_Algorithm_QuebecSecondSponsor" time="116.224"/>
  <system-out>
Chrome launched Navigated to BaseUrl: https://www.qa-wci-auction.org  </system-out>
  <testcase classname="prescribed_Event_Test.PrescribedEvent_R72" name="EventCertification_QuebecFirstSponsor" time="67.557"/>
  <system-out>
Chrome launched Navigated to BaseUrl: https://www.qa-wci-auction.org  </system-out>
  <testcase classname="prescribed_Event_Test.PrescribedEvent_R72" name="EventCertification_QuebecSecondSponsor" time="108.918"/>
  <system-out>
Chrome launched Navigated to BaseUrl: https://www.qa-wci-auction.org  </system-out>
</testsuite> <!-- prescribed_Event_Test.PrescribedEvent_R72 -->
