<?xml version="1.0" encoding="UTF-8"?>
<!-- Generated by org.testng.reporters.JUnitReportReporter -->
<testsuite hostname="EQANIM06" failures="0" tests="2" name="testClasses.Tests_QA_AUP_Rohi" time="59.608" errors="0" timestamp="2024-04-05T11:06:04 IST" skipped="1">
  <testcase classname="testClasses.Tests_QA_AUP_Rohi" name="C32068_Sponsor_or_AR_can_get_access_to_Client_Bids_Audit_report_for_an_Allowance_Sale_event_during_the_bidding_window" time="59.608"/>
  <system-out>
Chrome launched Navigated to BaseUrl: https://www.qa-wci-auction.org  </system-out>
  <testcase classname="testClasses.Tests_QA_AUP_Rohi" name="C31861_Qualified_Bidders_report_is_dynamic_report_Bidding_period_is_open">
    <skipped/>
  </testcase> <!-- C31861_Qualified_Bidders_report_is_dynamic_report_Bidding_period_is_open -->
  <system-out/>
</testsuite> <!-- testClasses.Tests_QA_AUP_Rohi -->
