<?xml version="1.0" encoding="UTF-8"?>
<!-- Generated by org.testng.reporters.JUnitReportReporter -->
<testsuite hostname="EQHP-R38G-17" failures="0" tests="15" name="prescribed_Event_Test.PrescribedEvent_R69" time="2596.731" errors="0" timestamp="2024-05-25T12:59:33 IST" skipped="1">
  <testcase classname="prescribed_Event_Test.PrescribedEvent_R69" name="CreateNewEvent_R69" time="66.366"/>
  <system-out>
Chrome launched Navigated to BaseUrl: https://www.qa-wci-auction.org  </system-out>
  <testcase classname="prescribed_Event_Test.PrescribedEvent_R69" name="Approval_By_QuebecSecondSponsorR69" time="111.065"/>
  <system-out>
Chrome launched Navigated to BaseUrl: https://www.qa-wci-auction.org  </system-out>
  <testcase classname="prescribed_Event_Test.PrescribedEvent_R69" name="Execute_API" time="50.587">
    <skipped/>
  </testcase> <!-- Execute_API -->
  <system-out>
Chrome launched Navigated to BaseUrl: https://www.qa-wci-auction.org  </system-out>
  <testcase classname="prescribed_Event_Test.PrescribedEvent_R69" name="Execute_API" time="68.422"/>
  <system-out>
Chrome launched Navigated to BaseUrl: https://www.qa-wci-auction.org  </system-out>
  <testcase classname="prescribed_Event_Test.PrescribedEvent_R69" name="uploadEmmissionUnits" time="66.852"/>
  <system-out>
Chrome launched Navigated to BaseUrl: https://www.qa-wci-auction.org  </system-out>
  <testcase classname="prescribed_Event_Test.PrescribedEvent_R69" name="Placing_Bids_FirstAR_R69" time="584.128"/>
  <system-out>
Chrome launched Navigated to BaseUrl: https://www.qa-wci-auction.org  </system-out>
  <testcase classname="prescribed_Event_Test.PrescribedEvent_R69" name="Placing_Bids_SecondAR_R69" time="592.682"/>
  <system-out>
Chrome launched Navigated to BaseUrl: https://www.qa-wci-auction.org  </system-out>
  <testcase classname="prescribed_Event_Test.PrescribedEvent_R69" name="Placing_Bids_ThirdAR_R69" time="230.030"/>
  <system-out>
Chrome launched Navigated to BaseUrl: https://www.qa-wci-auction.org  </system-out>
  <testcase classname="prescribed_Event_Test.PrescribedEvent_R69" name="Placing_Bids_FourthAR_R69" time="205.728"/>
  <system-out>
Chrome launched Navigated to BaseUrl: https://www.qa-wci-auction.org  </system-out>
  <testcase classname="prescribed_Event_Test.PrescribedEvent_R69" name="Closing_Bidding_Window" time="143.328"/>
  <system-out>
Chrome launched Navigated to BaseUrl: https://www.qa-wci-auction.org  </system-out>
  <testcase classname="prescribed_Event_Test.PrescribedEvent_R69" name="Approval_By_QuebecSponsor2_For_Edit_BiddingWindow_CloseTime" time="115.627"/>
  <system-out>
Chrome launched Navigated to BaseUrl: https://www.qa-wci-auction.org  </system-out>
  <testcase classname="prescribed_Event_Test.PrescribedEvent_R69" name="Run_Algorithm_QuebecFirstSponsor" time="77.324"/>
  <system-out>
Chrome launched Navigated to BaseUrl: https://www.qa-wci-auction.org  </system-out>
  <testcase classname="prescribed_Event_Test.PrescribedEvent_R69" name="Run_Algorithm_QuebecSecondSponsor" time="108.049"/>
  <system-out>
Chrome launched Navigated to BaseUrl: https://www.qa-wci-auction.org  </system-out>
  <testcase classname="prescribed_Event_Test.PrescribedEvent_R69" name="EventCertification_QuebecFirstSponsor" time="69.895"/>
  <system-out>
Chrome launched Navigated to BaseUrl: https://www.qa-wci-auction.org  </system-out>
  <testcase classname="prescribed_Event_Test.PrescribedEvent_R69" name="EventCertification_QuebecSecondSponsor" time="106.648"/>
  <system-out>
Chrome launched Navigated to BaseUrl: https://www.qa-wci-auction.org  </system-out>
</testsuite> <!-- prescribed_Event_Test.PrescribedEvent_R69 -->
