<?xml version="1.0" encoding="UTF-8"?>
<!-- Generated by org.testng.reporters.JUnitReportReporter -->
<testsuite hostname="EQANIM06" failures="0" tests="1" name="testClasses.Test_ReportWashingtonSingleauction" time="89.829" errors="0" timestamp="2024-04-17T17:11:04 IST" skipped="0">
  <testcase classname="testClasses.Test_ReportWashingtonSingleauction" name="SponsorraccesstheAllowanceDeliveryReportvalidate" time="89.829"/>
  <system-out>
Chrome launched Navigated to BaseUrl: https://www.qa-wci-auction.org  </system-out>
</testsuite> <!-- testClasses.Test_ReportWashingtonSingleauction -->
