<?xml version="1.0" encoding="UTF-8"?>
<!-- Generated by org.testng.reporters.JUnitReportReporter -->
<testsuite hostname="EQHP-R38G-17" failures="0" tests="14" name="prescribed_Event_Test.PrescribedEvent_R71" time="1643.890" errors="0" timestamp="2024-05-25T12:59:33 IST" skipped="3">
  <testcase classname="prescribed_Event_Test.PrescribedEvent_R71" name="CreateNewEvent_R71" time="71.250"/>
  <system-out>
Chrome launched Navigated to BaseUrl: https://www.qa-wci-auction.org  </system-out>
  <testcase classname="prescribed_Event_Test.PrescribedEvent_R71" name="Approval_By_QuebecSecondSponsorR71" time="121.944"/>
  <system-out>
Chrome launched Navigated to BaseUrl: https://www.qa-wci-auction.org  </system-out>
  <testcase classname="prescribed_Event_Test.PrescribedEvent_R71" name="Execute_API" time="51.307">
    <skipped/>
  </testcase> <!-- Execute_API -->
  <system-out>
Chrome launched Navigated to BaseUrl: https://www.qa-wci-auction.org  </system-out>
  <testcase classname="prescribed_Event_Test.PrescribedEvent_R71" name="Execute_API" time="66.094"/>
  <system-out>
Chrome launched Navigated to BaseUrl: https://www.qa-wci-auction.org  </system-out>
  <testcase classname="prescribed_Event_Test.PrescribedEvent_R71" name="uploadEmmissionUnits" time="65.929"/>
  <system-out>
Chrome launched Navigated to BaseUrl: https://www.qa-wci-auction.org  </system-out>
  <testcase classname="prescribed_Event_Test.PrescribedEvent_R71" name="Placing_Bids_FirstAR_R71" time="596.836"/>
  <system-out>
Chrome launched Navigated to BaseUrl: https://www.qa-wci-auction.org  </system-out>
  <testcase classname="prescribed_Event_Test.PrescribedEvent_R71" name="Closing_Bidding_Window" time="33.760">
    <skipped/>
  </testcase> <!-- Closing_Bidding_Window -->
  <system-out>
Chrome launched Navigated to BaseUrl: https://www.qa-wci-auction.org  </system-out>
  <testcase classname="prescribed_Event_Test.PrescribedEvent_R71" name="Closing_Bidding_Window" time="151.016"/>
  <system-out>
Chrome launched Navigated to BaseUrl: https://www.qa-wci-auction.org  </system-out>
  <testcase classname="prescribed_Event_Test.PrescribedEvent_R71" name="Approval_By_QuebecSponsor2_For_Edit_BiddingWindow_CloseTime" time="129.491"/>
  <system-out>
Chrome launched Navigated to BaseUrl: https://www.qa-wci-auction.org  </system-out>
  <testcase classname="prescribed_Event_Test.PrescribedEvent_R71" name="Approval_By_QuebecSponsor2_For_Edit_BiddingWindow_CloseTime" time="22.255">
    <skipped/>
  </testcase> <!-- Approval_By_QuebecSponsor2_For_Edit_BiddingWindow_CloseTime -->
  <system-out>
Chrome launched Navigated to BaseUrl: https://www.qa-wci-auction.org  </system-out>
  <testcase classname="prescribed_Event_Test.PrescribedEvent_R71" name="Run_Algorithm_QuebecFirstSponsor" time="68.112"/>
  <system-out>
Chrome launched Navigated to BaseUrl: https://www.qa-wci-auction.org  </system-out>
  <testcase classname="prescribed_Event_Test.PrescribedEvent_R71" name="Run_Algorithm_QuebecSecondSponsor" time="113.602"/>
  <system-out>
Chrome launched Navigated to BaseUrl: https://www.qa-wci-auction.org  </system-out>
  <testcase classname="prescribed_Event_Test.PrescribedEvent_R71" name="EventCertification_QuebecFirstSponsor" time="46.578"/>
  <system-out>
Chrome launched Navigated to BaseUrl: https://www.qa-wci-auction.org  </system-out>
  <testcase classname="prescribed_Event_Test.PrescribedEvent_R71" name="EventCertification_QuebecSecondSponsor" time="105.716"/>
  <system-out>
Chrome launched Navigated to BaseUrl: https://www.qa-wci-auction.org  </system-out>
</testsuite> <!-- prescribed_Event_Test.PrescribedEvent_R71 -->
