<?xml version="1.0" encoding="UTF-8"?>
<!-- Generated by org.testng.reporters.JUnitReportReporter -->
<testsuite hostname="EQANIM06" failures="0" tests="1" name="testClasses.Test_ReportQuebecSingleauction" time="91.899" errors="0" timestamp="2024-04-16T18:56:31 IST" skipped="0">
  <testcase classname="testClasses.Test_ReportQuebecSingleauction" name="eventCertificationBySecondSponsor" time="91.899"/>
  <system-out>
Chrome launched Navigated to BaseUrl: https://www.qa-wci-auction.org  </system-out>
</testsuite> <!-- testClasses.Test_ReportQuebecSingleauction -->
