<?xml version="1.0" encoding="UTF-8"?>
<!-- Generated by org.testng.reporters.JUnitReportReporter -->
<testsuite hostname="EQHP-R38G-17" failures="0" tests="19" name="prescribed_Event_Test.PrescribedEvent_A47" time="1290.765" errors="0" timestamp="2024-05-27T16:40:49 IST" skipped="3">
  <testcase classname="prescribed_Event_Test.PrescribedEvent_A47" name="CreateNewEvent_A47" time="53.284"/>
  <system-out>
Chrome launched Navigated to BaseUrl: https://www.qa-wci-auction.org  </system-out>
  <testcase classname="prescribed_Event_Test.PrescribedEvent_A47" name="Approval_By_QuebecSponsor_A47" time="58.206"/>
  <system-out>
Chrome launched Navigated to BaseUrl: https://www.qa-wci-auction.org  </system-out>
  <testcase classname="prescribed_Event_Test.PrescribedEvent_A47" name="SET_FXRATE_QC_A47" time="73.818"/>
  <system-out>
Chrome launched Navigated to BaseUrl: https://www.qa-wci-auction.org  </system-out>
  <testcase classname="prescribed_Event_Test.PrescribedEvent_A47" name="SET_FXRATE_CA_A47" time="81.061">
    <skipped/>
  </testcase> <!-- SET_FXRATE_CA_A47 -->
  <system-out>
Chrome launched Navigated to BaseUrl: https://www.qa-wci-auction.org  </system-out>
  <testcase classname="prescribed_Event_Test.PrescribedEvent_A47" name="SET_FXRATE_CA_A47" time="39.902"/>
  <system-out>
Chrome launched Navigated to BaseUrl: https://www.qa-wci-auction.org  </system-out>
  <testcase classname="prescribed_Event_Test.PrescribedEvent_A47" name="Execute_API" time="43.861">
    <skipped/>
  </testcase> <!-- Execute_API -->
  <system-out>
Chrome launched Navigated to BaseUrl: https://www.qa-wci-auction.org  </system-out>
  <testcase classname="prescribed_Event_Test.PrescribedEvent_A47" name="Execute_API" time="58.635"/>
  <system-out>
Chrome launched Navigated to BaseUrl: https://www.qa-wci-auction.org  </system-out>
  <testcase classname="prescribed_Event_Test.PrescribedEvent_A47" name="Placing_Bids_FirstEntity_A47" time="66.563">
    <skipped/>
  </testcase> <!-- Placing_Bids_FirstEntity_A47 -->
  <system-out>
Chrome launched Navigated to BaseUrl: https://www.qa-wci-auction.org  </system-out>
  <testcase classname="prescribed_Event_Test.PrescribedEvent_A47" name="Placing_Bids_FirstEntity_A47" time="94.941"/>
  <system-out>
Chrome launched Navigated to BaseUrl: https://www.qa-wci-auction.org  </system-out>
  <testcase classname="prescribed_Event_Test.PrescribedEvent_A47" name="Placing_Bids_SecondEntity_A47" time="91.438"/>
  <system-out>
Chrome launched Navigated to BaseUrl: https://www.qa-wci-auction.org  </system-out>
  <testcase classname="prescribed_Event_Test.PrescribedEvent_A47" name="Placing_Bids_ThirdEntity_A47" time="88.310"/>
  <system-out>
Chrome launched Navigated to BaseUrl: https://www.qa-wci-auction.org  </system-out>
  <testcase classname="prescribed_Event_Test.PrescribedEvent_A47" name="Placing_Bids_FourthEntity_A47" time="91.905"/>
  <system-out>
Chrome launched Navigated to BaseUrl: https://www.qa-wci-auction.org  </system-out>
  <testcase classname="prescribed_Event_Test.PrescribedEvent_A47" name="Placing_Bids_FifthEntity_A47" time="92.190"/>
  <system-out>
Chrome launched Navigated to BaseUrl: https://www.qa-wci-auction.org  </system-out>
  <testcase classname="prescribed_Event_Test.PrescribedEvent_A47" name="Closing_Bidding_Window" time="91.364"/>
  <system-out>
Chrome launched Navigated to BaseUrl: https://www.qa-wci-auction.org  </system-out>
  <testcase classname="prescribed_Event_Test.PrescribedEvent_A47" name="Approval_By_QuebecSponsor_For_Edit_BiddingWindow_CloseTime" time="56.433"/>
  <system-out>
Chrome launched Navigated to BaseUrl: https://www.qa-wci-auction.org  </system-out>
  <testcase classname="prescribed_Event_Test.PrescribedEvent_A47" name="Run_Algorithm_California" time="43.206"/>
  <system-out>
Chrome launched Navigated to BaseUrl: https://www.qa-wci-auction.org  </system-out>
  <testcase classname="prescribed_Event_Test.PrescribedEvent_A47" name="Run_Algorithm_Quebec" time="64.457"/>
  <system-out>
Chrome launched Navigated to BaseUrl: https://www.qa-wci-auction.org  </system-out>
  <testcase classname="prescribed_Event_Test.PrescribedEvent_A47" name="EventCertification_California" time="35.819"/>
  <system-out>
Chrome launched Navigated to BaseUrl: https://www.qa-wci-auction.org  </system-out>
  <testcase classname="prescribed_Event_Test.PrescribedEvent_A47" name="EventCertification_DualApproval_Quebec" time="65.372"/>
  <system-out>
Chrome launched Navigated to BaseUrl: https://www.qa-wci-auction.org  </system-out>
</testsuite> <!-- prescribed_Event_Test.PrescribedEvent_A47 -->
