<?xml version="1.0" encoding="UTF-8"?>
<!-- Generated by org.testng.reporters.JUnitReportReporter -->
<testsuite hostname="EQHP-R38G-17" failures="0" tests="18" name="prescribed_Event_Test.PrescribdEvent_A278" time="1613.392" errors="0" timestamp="2024-05-25T12:59:33 IST" skipped="2">
  <testcase classname="prescribed_Event_Test.PrescribdEvent_A278" name="CreateNewEvent_A278" time="61.389"/>
  <system-out>
Chrome launched Navigated to BaseUrl: https://www.qa-wci-auction.org  </system-out>
  <testcase classname="prescribed_Event_Test.PrescribdEvent_A278" name="Approval_By_WashingtonSecondSponsorA278" time="44.665"/>
  <system-out>
Chrome launched Navigated to BaseUrl: https://www.qa-wci-auction.org  </system-out>
  <testcase classname="prescribed_Event_Test.PrescribdEvent_A278" name="Execute_API" time="71.203"/>
  <system-out>
Chrome launched Navigated to BaseUrl: https://www.qa-wci-auction.org  </system-out>
  <testcase classname="prescribed_Event_Test.PrescribdEvent_A278" name="Execute_API" time="50.633">
    <skipped/>
  </testcase> <!-- Execute_API -->
  <system-out>
Chrome launched Navigated to BaseUrl: https://www.qa-wci-auction.org  </system-out>
  <testcase classname="prescribed_Event_Test.PrescribdEvent_A278" name="Placing_Bids_FirstEntity_A278" time="131.280">
    <skipped/>
  </testcase> <!-- Placing_Bids_FirstEntity_A278 -->
  <system-out>
Chrome launched Navigated to BaseUrl: https://www.qa-wci-auction.org  </system-out>
  <testcase classname="prescribed_Event_Test.PrescribdEvent_A278" name="Placing_Bids_FirstEntity_A278" time="150.753"/>
  <system-out>
Chrome launched Navigated to BaseUrl: https://www.qa-wci-auction.org  </system-out>
  <testcase classname="prescribed_Event_Test.PrescribdEvent_A278" name="Placing_Bids_SecondEntity_A278" time="118.369"/>
  <system-out>
Chrome launched Navigated to BaseUrl: https://www.qa-wci-auction.org  </system-out>
  <testcase classname="prescribed_Event_Test.PrescribdEvent_A278" name="Placing_Bids_ThirdEntity_A278" time="158.636"/>
  <system-out>
Chrome launched Navigated to BaseUrl: https://www.qa-wci-auction.org  </system-out>
  <testcase classname="prescribed_Event_Test.PrescribdEvent_A278" name="Placing_Bids_FourthEntity_A278" time="111.038"/>
  <system-out>
Chrome launched Navigated to BaseUrl: https://www.qa-wci-auction.org  </system-out>
  <testcase classname="prescribed_Event_Test.PrescribdEvent_A278" name="Placing_Bids_FifthEntity_A278" time="132.309"/>
  <system-out>
Chrome launched Navigated to BaseUrl: https://www.qa-wci-auction.org  </system-out>
  <testcase classname="prescribed_Event_Test.PrescribdEvent_A278" name="Placing_Bids_SixthEntity_A278" time="110.833"/>
  <system-out>
Chrome launched Navigated to BaseUrl: https://www.qa-wci-auction.org  </system-out>
  <testcase classname="prescribed_Event_Test.PrescribdEvent_A278" name="Placing_Bids_SeventhEntity_A278" time="139.775"/>
  <system-out>
Chrome launched Navigated to BaseUrl: https://www.qa-wci-auction.org  </system-out>
  <testcase classname="prescribed_Event_Test.PrescribdEvent_A278" name="Closing_Bidding_Window" time="112.285"/>
  <system-out>
Chrome launched Navigated to BaseUrl: https://www.qa-wci-auction.org  </system-out>
  <testcase classname="prescribed_Event_Test.PrescribdEvent_A278" name="Approval_By_WashingtonSponsor2_For_Edit_BiddingWindow_CloseTime" time="41.708"/>
  <system-out>
Chrome launched Navigated to BaseUrl: https://www.qa-wci-auction.org  </system-out>
  <testcase classname="prescribed_Event_Test.PrescribdEvent_A278" name="Run_Algorithm_WashingtonFirstSponsor" time="46.744"/>
  <system-out>
Chrome launched Navigated to BaseUrl: https://www.qa-wci-auction.org  </system-out>
  <testcase classname="prescribed_Event_Test.PrescribdEvent_A278" name="Run_Algorithm_WashingtonSecondSponsor" time="43.115"/>
  <system-out>
Chrome launched Navigated to BaseUrl: https://www.qa-wci-auction.org  </system-out>
  <testcase classname="prescribed_Event_Test.PrescribdEvent_A278" name="EventCertification_WashingtonFirstSponsor" time="52.719"/>
  <system-out>
Chrome launched Navigated to BaseUrl: https://www.qa-wci-auction.org  </system-out>
  <testcase classname="prescribed_Event_Test.PrescribdEvent_A278" name="EventCertification_WashingtonSecondSponsor" time="35.938"/>
  <system-out>
Chrome launched Navigated to BaseUrl: https://www.qa-wci-auction.org  </system-out>
</testsuite> <!-- prescribed_Event_Test.PrescribdEvent_A278 -->
