<?xml version="1.0" encoding="UTF-8"?>
<!-- Generated by org.testng.reporters.JUnitReportReporter -->
<testsuite hostname="EQHP-R38G-17" failures="0" tests="20" name="prescribed_Event_Test.PrescribedEvent_A56" time="1195.419" errors="0" timestamp="2024-05-27T16:40:49 IST" skipped="4">
  <testcase classname="prescribed_Event_Test.PrescribedEvent_A56" name="CreateNewEvent_A56" time="54.619"/>
  <system-out>
Chrome launched Navigated to BaseUrl: https://www.qa-wci-auction.org  </system-out>
  <testcase classname="prescribed_Event_Test.PrescribedEvent_A56" name="Approval_By_QuebecSponsor_A56" time="54.639"/>
  <system-out>
Chrome launched Navigated to BaseUrl: https://www.qa-wci-auction.org  </system-out>
  <testcase classname="prescribed_Event_Test.PrescribedEvent_A56" name="SET_FXRATE_QC_A56" time="68.141"/>
  <system-out>
Chrome launched Navigated to BaseUrl: https://www.qa-wci-auction.org  </system-out>
  <testcase classname="prescribed_Event_Test.PrescribedEvent_A56" name="SET_FXRATE_CA_A56" time="20.117">
    <skipped/>
  </testcase> <!-- SET_FXRATE_CA_A56 -->
  <system-out>
Chrome launched Navigated to BaseUrl: https://www.qa-wci-auction.org  </system-out>
  <testcase classname="prescribed_Event_Test.PrescribedEvent_A56" name="SET_FXRATE_CA_A56" time="20.105">
    <skipped/>
  </testcase> <!-- SET_FXRATE_CA_A56 -->
  <system-out>
Chrome launched Navigated to BaseUrl: https://www.qa-wci-auction.org  </system-out>
  <testcase classname="prescribed_Event_Test.PrescribedEvent_A56" name="SET_FXRATE_CA_A56" time="36.072"/>
  <system-out>
Chrome launched Navigated to BaseUrl: https://www.qa-wci-auction.org  </system-out>
  <testcase classname="prescribed_Event_Test.PrescribedEvent_A56" name="Execute_API" time="45.956">
    <skipped/>
  </testcase> <!-- Execute_API -->
  <system-out>
Chrome launched Navigated to BaseUrl: https://www.qa-wci-auction.org  </system-out>
  <testcase classname="prescribed_Event_Test.PrescribedEvent_A56" name="Execute_API" time="59.762"/>
  <system-out>
Chrome launched Navigated to BaseUrl: https://www.qa-wci-auction.org  </system-out>
  <testcase classname="prescribed_Event_Test.PrescribedEvent_A56" name="Placing_Bids_FirstEntity_A56" time="101.969"/>
  <system-out>
Chrome launched Navigated to BaseUrl: https://www.qa-wci-auction.org  </system-out>
  <testcase classname="prescribed_Event_Test.PrescribedEvent_A56" name="Placing_Bids_FirstEntity_A56" time="61.034">
    <skipped/>
  </testcase> <!-- Placing_Bids_FirstEntity_A56 -->
  <system-out>
Chrome launched Navigated to BaseUrl: https://www.qa-wci-auction.org  </system-out>
  <testcase classname="prescribed_Event_Test.PrescribedEvent_A56" name="Placing_Bids_SecondEntity_A56" time="75.324"/>
  <system-out>
Chrome launched Navigated to BaseUrl: https://www.qa-wci-auction.org  </system-out>
  <testcase classname="prescribed_Event_Test.PrescribedEvent_A56" name="Placing_Bids_ThirdEntity_A56" time="76.137"/>
  <system-out>
Chrome launched Navigated to BaseUrl: https://www.qa-wci-auction.org  </system-out>
  <testcase classname="prescribed_Event_Test.PrescribedEvent_A56" name="Placing_Bids_FourthEntity_A56" time="83.060"/>
  <system-out>
Chrome launched Navigated to BaseUrl: https://www.qa-wci-auction.org  </system-out>
  <testcase classname="prescribed_Event_Test.PrescribedEvent_A56" name="Placing_Bids_FifthEntity_A56" time="82.209"/>
  <system-out>
Chrome launched Navigated to BaseUrl: https://www.qa-wci-auction.org  </system-out>
  <testcase classname="prescribed_Event_Test.PrescribedEvent_A56" name="Closing_Bidding_Window" time="88.701"/>
  <system-out>
Chrome launched Navigated to BaseUrl: https://www.qa-wci-auction.org  </system-out>
  <testcase classname="prescribed_Event_Test.PrescribedEvent_A56" name="Approval_By_QuebecSponsor_For_Edit_BiddingWindow_CloseTime" time="57.098"/>
  <system-out>
Chrome launched Navigated to BaseUrl: https://www.qa-wci-auction.org  </system-out>
  <testcase classname="prescribed_Event_Test.PrescribedEvent_A56" name="Run_Algorithm_California" time="43.776"/>
  <system-out>
Chrome launched Navigated to BaseUrl: https://www.qa-wci-auction.org  </system-out>
  <testcase classname="prescribed_Event_Test.PrescribedEvent_A56" name="Run_Algorithm_Quebec" time="64.399"/>
  <system-out>
Chrome launched Navigated to BaseUrl: https://www.qa-wci-auction.org  </system-out>
  <testcase classname="prescribed_Event_Test.PrescribedEvent_A56" name="EventCertification_California" time="38.485"/>
  <system-out>
Chrome launched Navigated to BaseUrl: https://www.qa-wci-auction.org  </system-out>
  <testcase classname="prescribed_Event_Test.PrescribedEvent_A56" name="EventCertification_DualApproval_Quebec" time="63.816"/>
  <system-out>
Chrome launched Navigated to BaseUrl: https://www.qa-wci-auction.org  </system-out>
</testsuite> <!-- prescribed_Event_Test.PrescribedEvent_A56 -->
