<?xml version="1.0" encoding="UTF-8"?>
<!-- Generated by org.testng.reporters.JUnitReportReporter -->
<testsuite hostname="EQHP-R38G-17" failures="0" tests="14" name="prescribed_Event_Test.PrescribedEvent_A218" time="815.473" errors="0" timestamp="2024-05-27T16:40:49 IST" skipped="2">
  <testcase classname="prescribed_Event_Test.PrescribedEvent_A218" name="CreateNewEvent_A218" time="55.180"/>
  <system-out>
Chrome launched Navigated to BaseUrl: https://www.qa-wci-auction.org  </system-out>
  <testcase classname="prescribed_Event_Test.PrescribedEvent_A218" name="Approval_By_WashingtonSecondSponsorA218" time="38.538"/>
  <system-out>
Chrome launched Navigated to BaseUrl: https://www.qa-wci-auction.org  </system-out>
  <testcase classname="prescribed_Event_Test.PrescribedEvent_A218" name="Execute_API" time="44.664">
    <skipped/>
  </testcase> <!-- Execute_API -->
  <system-out>
Chrome launched Navigated to BaseUrl: https://www.qa-wci-auction.org  </system-out>
  <testcase classname="prescribed_Event_Test.PrescribedEvent_A218" name="Execute_API" time="59.307"/>
  <system-out>
Chrome launched Navigated to BaseUrl: https://www.qa-wci-auction.org  </system-out>
  <testcase classname="prescribed_Event_Test.PrescribedEvent_A218" name="Placing_Bids_FirstEntity_A218" time="109.363"/>
  <system-out>
Chrome launched Navigated to BaseUrl: https://www.qa-wci-auction.org  </system-out>
  <testcase classname="prescribed_Event_Test.PrescribedEvent_A218" name="Placing_Bids_SecondEntity_A218" time="106.180"/>
  <system-out>
Chrome launched Navigated to BaseUrl: https://www.qa-wci-auction.org  </system-out>
  <testcase classname="prescribed_Event_Test.PrescribedEvent_A218" name="Placing_Bids_ThirdEntity_A218" time="91.629"/>
  <system-out>
Chrome launched Navigated to BaseUrl: https://www.qa-wci-auction.org  </system-out>
  <testcase classname="prescribed_Event_Test.PrescribedEvent_A218" name="Closing_Bidding_Window" time="77.978"/>
  <system-out>
Chrome launched Navigated to BaseUrl: https://www.qa-wci-auction.org  </system-out>
  <testcase classname="prescribed_Event_Test.PrescribedEvent_A218" name="Approval_By_WashingtonSponsor2_For_Edit_BiddingWindow_CloseTime" time="43.939"/>
  <system-out>
Chrome launched Navigated to BaseUrl: https://www.qa-wci-auction.org  </system-out>
  <testcase classname="prescribed_Event_Test.PrescribedEvent_A218" name="Run_Algorithm_WashingtonFirstSponsor" time="44.119"/>
  <system-out>
Chrome launched Navigated to BaseUrl: https://www.qa-wci-auction.org  </system-out>
  <testcase classname="prescribed_Event_Test.PrescribedEvent_A218" name="Run_Algorithm_WashingtonFirstSponsor" time="35.368">
    <skipped/>
  </testcase> <!-- Run_Algorithm_WashingtonFirstSponsor -->
  <system-out>
Chrome launched Navigated to BaseUrl: https://www.qa-wci-auction.org  </system-out>
  <testcase classname="prescribed_Event_Test.PrescribedEvent_A218" name="Run_Algorithm_WashingtonSecondSponsor" time="39.779"/>
  <system-out>
Chrome launched Navigated to BaseUrl: https://www.qa-wci-auction.org  </system-out>
  <testcase classname="prescribed_Event_Test.PrescribedEvent_A218" name="EventCertification_WashingtonFirstSponsor" time="38.551"/>
  <system-out>
Chrome launched Navigated to BaseUrl: https://www.qa-wci-auction.org  </system-out>
  <testcase classname="prescribed_Event_Test.PrescribedEvent_A218" name="EventCertification_WashingtonSecondSponsor" time="30.878"/>
  <system-out>
Chrome launched Navigated to BaseUrl: https://www.qa-wci-auction.org  </system-out>
</testsuite> <!-- prescribed_Event_Test.PrescribedEvent_A218 -->
