<?xml version="1.0" encoding="UTF-8"?>
<!-- Generated by org.testng.reporters.JUnitReportReporter -->
<testsuite hostname="EQANIM06" failures="0" tests="1" name="testClasses.Tests_MonitoringPage" time="152.324" errors="0" timestamp="2024-04-18T16:57:14 IST" skipped="0">
  <testcase classname="testClasses.Tests_MonitoringPage" name="VerifyMarketMonitorCanNotFlagMultipleBidsWhenTheSelectionOfBidsAreNotCorrect" time="152.324"/>
  <system-out>
Chrome launched Navigated to BaseUrl: https://www.qa-wci-auction.org  </system-out>
</testsuite> <!-- testClasses.Tests_MonitoringPage -->
