<?xml version="1.0" encoding="UTF-8"?>
<!-- Generated by org.testng.reporters.JUnitReportReporter -->
<testsuite hostname="EQHP-R38G-17" failures="0" tests="1" name="prescribed_Event_Test.PrescribedEvent_R317" time="96.710" errors="0" timestamp="2024-05-27T12:12:32 IST" skipped="0">
  <testcase classname="prescribed_Event_Test.PrescribedEvent_R317" name="Placing_Bids_FirstEntity_R317" time="96.710"/>
  <system-out>
Chrome launched Navigated to BaseUrl: https://www.qa-wci-auction.org  </system-out>
</testsuite> <!-- prescribed_Event_Test.PrescribedEvent_R317 -->
